c:\users\dksdu\onedrive\바탕 화면\tbcppstudy\chapter8\x64\debug\vc143.pdb
c:\users\dksdu\onedrive\바탕 화면\tbcppstudy\chapter8\x64\debug\vc143.idb
c:\users\dksdu\onedrive\바탕 화면\tbcppstudy\chapter8\x64\debug\chapter8_2.obj
c:\users\dksdu\onedrive\바탕 화면\tbcppstudy\chapter8\x64\debug\chapter8_1.obj
c:\users\dksdu\onedrive\바탕 화면\tbcppstudy\chapter8\x64\debug\chapter8_3.obj
c:\users\dksdu\onedrive\바탕 화면\tbcppstudy\chapter8\x64\debug\chapter8_4.obj
c:\users\dksdu\onedrive\바탕 화면\tbcppstudy\chapter8\x64\debug\chapter8_5.obj
c:\users\dksdu\onedrive\바탕 화면\tbcppstudy\chapter8\x64\debug\chapter8_6.obj
c:\users\dksdu\onedrive\바탕 화면\tbcppstudy\chapter8\x64\debug\chapter8_7.obj
c:\users\dksdu\onedrive\바탕 화면\tbcppstudy\chapter8\x64\debug\chapter8_8.obj
c:\users\dksdu\onedrive\바탕 화면\tbcppstudy\chapter8\x64\debug\calculator.obj
c:\users\dksdu\onedrive\바탕 화면\tbcppstudy\chapter8\x64\debug\chapter8_9.obj
c:\users\dksdu\onedrive\바탕 화면\tbcppstudy\chapter8\x64\debug\chapter8_10.obj
c:\users\dksdu\onedrive\바탕 화면\tbcppstudy\chapter8\x64\debug\chapter8_11.obj
c:\users\dksdu\onedrive\바탕 화면\tbcppstudy\chapter8\x64\debug\chapter8.exe
c:\users\dksdu\onedrive\바탕 화면\tbcppstudy\chapter8\x64\debug\chapter8.ilk
c:\users\dksdu\onedrive\바탕 화면\tbcppstudy\chapter8\x64\debug\chapter8.pdb
c:\users\dksdu\onedrive\바탕 화면\tbcppstudy\chapter8\x64\debug\chapter8.tlog\cl.command.1.tlog
c:\users\dksdu\onedrive\바탕 화면\tbcppstudy\chapter8\x64\debug\chapter8.tlog\cl.read.1.tlog
c:\users\dksdu\onedrive\바탕 화면\tbcppstudy\chapter8\x64\debug\chapter8.tlog\cl.write.1.tlog
c:\users\dksdu\onedrive\바탕 화면\tbcppstudy\chapter8\x64\debug\chapter8.tlog\link-cvtres.read.1.tlog
c:\users\dksdu\onedrive\바탕 화면\tbcppstudy\chapter8\x64\debug\chapter8.tlog\link-cvtres.write.1.tlog
c:\users\dksdu\onedrive\바탕 화면\tbcppstudy\chapter8\x64\debug\chapter8.tlog\link-rc.read.1.tlog
c:\users\dksdu\onedrive\바탕 화면\tbcppstudy\chapter8\x64\debug\chapter8.tlog\link-rc.write.1.tlog
c:\users\dksdu\onedrive\바탕 화면\tbcppstudy\chapter8\x64\debug\chapter8.tlog\link.9148-cvtres.read.1.tlog
c:\users\dksdu\onedrive\바탕 화면\tbcppstudy\chapter8\x64\debug\chapter8.tlog\link.9148-cvtres.write.1.tlog
c:\users\dksdu\onedrive\바탕 화면\tbcppstudy\chapter8\x64\debug\chapter8.tlog\link.9148-rc.read.1.tlog
c:\users\dksdu\onedrive\바탕 화면\tbcppstudy\chapter8\x64\debug\chapter8.tlog\link.9148-rc.write.1.tlog
c:\users\dksdu\onedrive\바탕 화면\tbcppstudy\chapter8\x64\debug\chapter8.tlog\link.9148.read.1.tlog
c:\users\dksdu\onedrive\바탕 화면\tbcppstudy\chapter8\x64\debug\chapter8.tlog\link.9148.read.2.tlog
c:\users\dksdu\onedrive\바탕 화면\tbcppstudy\chapter8\x64\debug\chapter8.tlog\link.9148.write.1.tlog
c:\users\dksdu\onedrive\바탕 화면\tbcppstudy\chapter8\x64\debug\chapter8.tlog\link.command.1.tlog
c:\users\dksdu\onedrive\바탕 화면\tbcppstudy\chapter8\x64\debug\chapter8.tlog\link.read.1.tlog
c:\users\dksdu\onedrive\바탕 화면\tbcppstudy\chapter8\x64\debug\chapter8.tlog\link.read.2.tlog
c:\users\dksdu\onedrive\바탕 화면\tbcppstudy\chapter8\x64\debug\chapter8.tlog\link.write.1.tlog
